Arguments: 
  C:\Program Files\nodejs\node.exe C:\Users\YCKJ3684\AppData\Roaming\npm\node_modules\yarn\bin\yarn.js add vue-router@4.0.6

PATH: 
  C:\Program Files\Git\mingw64\bin;C:\Program Files\Git\usr\bin;C:\Users\YCKJ3684\bin;C:\Windows\system32;C:\Windows;C:\Windows\System32\Wbem;C:\Windows\System32\WindowsPowerShell\v1.0;C:\Windows\System32\OpenSSH;C:\Program Files\nodejs;C:\Program Files\Git\cmd;C:\Program Files (x86)\NetSarang\Xftp 7;C:\Program Files (x86)\NetSarang\Xshell 7;D:\Anaconda3;D:\Anaconda3\Scripts;D:\Anaconda3\Library\mingw-w64\bin;D:\Anaconda3\Library\usr\bin;D:\Anaconda3\Library\bin;C:\Users\YCKJ3684\AppData\Local\Microsoft\WindowsApps;C:\Users\YCKJ3684\AppData\Local\Programs\Microsoft VS Code\bin;C:\Users\YCKJ3684\AppData\Roaming\npm;D:\Anaconda3;D:\Anaconda3\Scripts;D:\Anaconda3\Library\mingw-w64\bin;D:\Anaconda3\Library\usr\bin;D:\Anaconda3\Library\bin

Yarn version: 
  1.22.10

Node version: 
  12.18.3

Platform: 
  win32 x64

Trace: 
  Error: EPERM: operation not permitted, unlink 'D:\PersonStudy\waping-ui-1\node_modules\esbuild\esbuild.exe'

npm manifest: 
  {
    "name": "waping-ui-1",
    "version": "0.0.0",
    "scripts": {
      "dev": "vite",
      "build": "vite build",
      "serve": "vite preview"
    },
    "dependencies": {
      "vue": "^3.0.5"
    },
    "devDependencies": {
      "@vitejs/plugin-vue": "^1.2.1",
      "@vue/compiler-sfc": "^3.0.5",
      "vite": "^2.1.5"
    }
  }

yarn manifest: 
  No manifest

Lockfile: 
  No lockfile
